# JRE version: Java(TM) SE Runtime Environment (8.0_60-b27) (build 1.8.0_60-b27)
# Java VM: Java HotSpot(TM) 64-Bit Server VM (25.60-b23 mixed mode windows-amd64 compressed oops)
Heap:
 PSYoungGen      total 663552K, used 652840K [0x00000000d5c00000, 0x00000000ffe00000, 0x0000000100000000)
  eden space 637952K, 99% used [0x00000000d5c00000,0x00000000fcafff50,0x00000000fcb00000)
  from space 25600K, 58% used [0x00000000fcb00000,0x00000000fd98a270,0x00000000fe400000)
  to   space 25088K, 0% used [0x00000000fe580000,0x00000000fe580000,0x00000000ffe00000)
 ParOldGen       total 277504K, used 187885K [0x0000000081400000, 0x0000000092300000, 0x00000000d5c00000)
  object space 277504K, 67% used [0x0000000081400000,0x000000008cb7b650,0x0000000092300000)
 Metaspace       used 40684K, capacity 41212K, committed 41344K, reserved 1085440K
  class space    used 5006K, capacity 5124K, committed 5248K, reserved 1048576K
GC Heap History (10 events):
Event: 56.012 GC heap before
{Heap before GC invocations=80 (full 5):
 PSYoungGen      total 664576K, used 18371K [0x00000000d5c00000, 0x0000000100000000, 0x0000000100000000)
  eden space 636928K, 0% used [0x00000000d5c00000,0x00000000d5c00000,0x00000000fca00000)
  from space 27648K, 66% used [0x00000000fca00000,0x00000000fdbf0c40,0x00000000fe500000)
  to   space 27648K, 0% used [0x00000000fe500000,0x00000000fe500000,0x0000000100000000)
 ParOldGen       total 186880K, used 181474K [0x0000000081400000, 0x000000008ca80000, 0x00000000d5c00000)
  object space 186880K, 97% used [0x0000000081400000,0x000000008c538830,0x000000008ca80000)
 Metaspace       used 40669K, capacity 41212K, committed 41344K, reserved 1085440K
  class space    used 5006K, capacity 5124K, committed 5248K, reserved 1048576K
Event: 56.983 GC heap after
Heap after GC invocations=80 (full 5):
 PSYoungGen      total 664576K, used 3949K [0x00000000d5c00000, 0x0000000100000000, 0x0000000100000000)
  eden space 636928K, 0% used [0x00000000d5c00000,0x00000000d5c00000,0x00000000fca00000)
  from space 27648K, 14% used [0x00000000fca00000,0x00000000fcddb7e0,0x00000000fe500000)
  to   space 27648K, 0% used [0x00000000fe500000,0x00000000fe500000,0x0000000100000000)
 ParOldGen       total 277504K, used 186521K [0x0000000081400000, 0x0000000092300000, 0x00000000d5c00000)
  object space 277504K, 67% used [0x0000000081400000,0x000000008ca265a0,0x0000000092300000)
 Metaspace       used 40669K, capacity 41212K, committed 41344K, reserved 1085440K
  class space    used 5006K, capacity 5124K, committed 5248K, reserved 1048576K
}
Event: 57.661 GC heap before
{Heap before GC invocations=81 (full 5):
 PSYoungGen      total 664576K, used 640877K [0x00000000d5c00000, 0x0000000100000000, 0x0000000100000000)
  eden space 636928K, 100% used [0x00000000d5c00000,0x00000000fca00000,0x00000000fca00000)
  from space 27648K, 14% used [0x00000000fca00000,0x00000000fcddb7e0,0x00000000fe500000)
  to   space 27648K, 0% used [0x00000000fe500000,0x00000000fe500000,0x0000000100000000)
 ParOldGen       total 277504K, used 186521K [0x0000000081400000, 0x0000000092300000, 0x00000000d5c00000)
  object space 277504K, 67% used [0x0000000081400000,0x000000008ca265a0,0x0000000092300000)
 Metaspace       used 40670K, capacity 41212K, committed 41344K, reserved 1085440K
  class space    used 5006K, capacity 5124K, committed 5248K, reserved 1048576K
Event: 57.695 GC heap after
Heap after GC invocations=81 (full 5):
 PSYoungGen      total 664576K, used 7300K [0x00000000d5c00000, 0x0000000100000000, 0x0000000100000000)
  eden space 636928K, 0% used [0x00000000d5c00000,0x00000000d5c00000,0x00000000fca00000)
  from space 27648K, 26% used [0x00000000fe500000,0x00000000fec212c0,0x0000000100000000)
  to   space 27648K, 0% used [0x00000000fca00000,0x00000000fca00000,0x00000000fe500000)
 ParOldGen       total 277504K, used 187877K [0x0000000081400000, 0x0000000092300000, 0x00000000d5c00000)
  object space 277504K, 67% used [0x0000000081400000,0x000000008cb79650,0x0000000092300000)
 Metaspace       used 40670K, capacity 41212K, committed 41344K, reserved 1085440K
  class space    used 5006K, capacity 5124K, committed 5248K, reserved 1048576K
}
Event: 58.354 GC heap before
{Heap before GC invocations=82 (full 5):
 PSYoungGen      total 664576K, used 644228K [0x00000000d5c00000, 0x0000000100000000, 0x0000000100000000)
  eden space 636928K, 100% used [0x00000000d5c00000,0x00000000fca00000,0x00000000fca00000)
  from space 27648K, 26% used [0x00000000fe500000,0x00000000fec212c0,0x0000000100000000)
  to   space 27648K, 0% used [0x00000000fca00000,0x00000000fca00000,0x00000000fe500000)
 ParOldGen       total 277504K, used 187877K [0x0000000081400000, 0x0000000092300000, 0x00000000d5c00000)
  object space 277504K, 67% used [0x0000000081400000,0x000000008cb79650,0x0000000092300000)
 Metaspace       used 40670K, capacity 41212K, committed 41344K, reserved 1085440K
  class space    used 5006K, capacity 5124K, committed 5248K, reserved 1048576K
Event: 58.365 GC heap after
Heap after GC invocations=82 (full 5):
 PSYoungGen      total 647168K, used 9928K [0x00000000d5c00000, 0x00000000ffe00000, 0x0000000100000000)
  eden space 636928K, 0% used [0x00000000d5c00000,0x00000000d5c00000,0x00000000fca00000)
  from space 10240K, 96% used [0x00000000fca00000,0x00000000fd3b2130,0x00000000fd400000)
  to   space 26624K, 0% used [0x00000000fe400000,0x00000000fe400000,0x00000000ffe00000)
 ParOldGen       total 277504K, used 187877K [0x0000000081400000, 0x0000000092300000, 0x00000000d5c00000)
  object space 277504K, 67% used [0x0000000081400000,0x000000008cb79650,0x0000000092300000)
 Metaspace       used 40670K, capacity 41212K, committed 41344K, reserved 1085440K
  class space    used 5006K, capacity 5124K, committed 5248K, reserved 1048576K
}
Event: 58.983 GC heap before
{Heap before GC invocations=83 (full 5):
 PSYoungGen      total 647168K, used 646856K [0x00000000d5c00000, 0x00000000ffe00000, 0x0000000100000000)
  eden space 636928K, 100% used [0x00000000d5c00000,0x00000000fca00000,0x00000000fca00000)
  from space 10240K, 96% used [0x00000000fca00000,0x00000000fd3b2130,0x00000000fd400000)
  to   space 26624K, 0% used [0x00000000fe400000,0x00000000fe400000,0x00000000ffe00000)
 ParOldGen       total 277504K, used 187877K [0x0000000081400000, 0x0000000092300000, 0x00000000d5c00000)
  object space 277504K, 67% used [0x0000000081400000,0x000000008cb79650,0x0000000092300000)
 Metaspace       used 40670K, capacity 41212K, committed 41344K, reserved 1085440K
  class space    used 5006K, capacity 5124K, committed 5248K, reserved 1048576K
Event: 58.994 GC heap after
Heap after GC invocations=83 (full 5):
 PSYoungGen      total 664576K, used 12479K [0x00000000d5c00000, 0x0000000100000000, 0x0000000100000000)
  eden space 637952K, 0% used [0x00000000d5c00000,0x00000000d5c00000,0x00000000fcb00000)
  from space 26624K, 46% used [0x00000000fe400000,0x00000000ff02fd90,0x00000000ffe00000)
  to   space 25600K, 0% used [0x00000000fcb00000,0x00000000fcb00000,0x00000000fe400000)
 ParOldGen       total 277504K, used 187877K [0x0000000081400000, 0x0000000092300000, 0x00000000d5c00000)
  object space 277504K, 67% used [0x0000000081400000,0x000000008cb79650,0x0000000092300000)
 Metaspace       used 40670K, capacity 41212K, committed 41344K, reserved 1085440K
  class space    used 5006K, capacity 5124K, committed 5248K, reserved 1048576K
}
Event: 59.538 GC heap before
{Heap before GC invocations=84 (full 5):
 PSYoungGen      total 664576K, used 650431K [0x00000000d5c00000, 0x0000000100000000, 0x0000000100000000)
  eden space 637952K, 100% used [0x00000000d5c00000,0x00000000fcb00000,0x00000000fcb00000)
  from space 26624K, 46% used [0x00000000fe400000,0x00000000ff02fd90,0x00000000ffe00000)
  to   space 25600K, 0% used [0x00000000fcb00000,0x00000000fcb00000,0x00000000fe400000)
 ParOldGen       total 277504K, used 187877K [0x0000000081400000, 0x0000000092300000, 0x00000000d5c00000)
  object space 277504K, 67% used [0x0000000081400000,0x000000008cb79650,0x0000000092300000)
 Metaspace       used 40682K, capacity 41212K, committed 41344K, reserved 1085440K
  class space    used 5006K, capacity 5124K, committed 5248K, reserved 1048576K
Event: 59.551 GC heap after
Heap after GC invocations=84 (full 5):
 PSYoungGen      total 663552K, used 14888K [0x00000000d5c00000, 0x00000000ffe00000, 0x0000000100000000)
  eden space 637952K, 0% used [0x00000000d5c00000,0x00000000d5c00000,0x00000000fcb00000)
  from space 25600K, 58% used [0x00000000fcb00000,0x00000000fd98a270,0x00000000fe400000)
  to   space 25088K, 0% used [0x00000000fe580000,0x00000000fe580000,0x00000000ffe00000)
 ParOldGen       total 277504K, used 187885K [0x0000000081400000, 0x0000000092300000, 0x00000000d5c00000)
  object space 277504K, 67% used [0x0000000081400000,0x000000008cb7b650,0x0000000092300000)
 Metaspace       used 40682K, capacity 41212K, committed 41344K, reserved 1085440K
  class space    used 5006K, capacity 5124K, committed 5248K, reserved 1048576K
}

