# JRE version: Java(TM) SE Runtime Environment (8.0_60-b27) (build 1.8.0_60-b27)
# Java VM: Java HotSpot(TM) 64-Bit Server VM (25.60-b23 mixed mode windows-amd64 compressed oops)
Heap:
 PSYoungGen      total 271872K, used 23156K [0x00000000d5c00000, 0x00000000edd80000, 0x0000000100000000)
  eden space 257024K, 9% used [0x00000000d5c00000,0x00000000d729d168,0x00000000e5700000)
  from space 14848K, 0% used [0x00000000e5700000,0x00000000e5700000,0x00000000e6580000)
  to   space 17408K, 0% used [0x00000000ecc80000,0x00000000ecc80000,0x00000000edd80000)
 ParOldGen       total 81920K, used 21704K [0x0000000081400000, 0x0000000086400000, 0x00000000d5c00000)
  object space 81920K, 26% used [0x0000000081400000,0x0000000082932308,0x0000000086400000)
 Metaspace       used 39160K, capacity 39506K, committed 39848K, reserved 1083392K
  class space    used 4846K, capacity 4927K, committed 5040K, reserved 1048576K
GC Heap History (10 events):
Event: 2.493 GC heap before
{Heap before GC invocations=5 (full 0):
 PSYoungGen      total 138240K, used 19684K [0x00000000d5c00000, 0x00000000de800000, 0x0000000100000000)
  eden space 133120K, 10% used [0x00000000d5c00000,0x00000000d6a3c0a8,0x00000000dde00000)
  from space 5120K, 99% used [0x00000000de300000,0x00000000de7fd0b0,0x00000000de800000)
  to   space 5120K, 0% used [0x00000000dde00000,0x00000000dde00000,0x00000000de300000)
 ParOldGen       total 87552K, used 7416K [0x0000000081400000, 0x0000000086980000, 0x00000000d5c00000)
  object space 87552K, 8% used [0x0000000081400000,0x0000000081b3e1b0,0x0000000086980000)
 Metaspace       used 20970K, capacity 21134K, committed 21296K, reserved 1069056K
  class space    used 2541K, capacity 2589K, committed 2608K, reserved 1048576K
Event: 2.499 GC heap after
Heap after GC invocations=5 (full 0):
 PSYoungGen      total 138240K, used 5089K [0x00000000d5c00000, 0x00000000e7400000, 0x0000000100000000)
  eden space 133120K, 0% used [0x00000000d5c00000,0x00000000d5c00000,0x00000000dde00000)
  from space 5120K, 99% used [0x00000000dde00000,0x00000000de2f8788,0x00000000de300000)
  to   space 10240K, 0% used [0x00000000e6a00000,0x00000000e6a00000,0x00000000e7400000)
 ParOldGen       total 87552K, used 7644K [0x0000000081400000, 0x0000000086980000, 0x00000000d5c00000)
  object space 87552K, 8% used [0x0000000081400000,0x0000000081b77280,0x0000000086980000)
 Metaspace       used 20970K, capacity 21134K, committed 21296K, reserved 1069056K
  class space    used 2541K, capacity 2589K, committed 2608K, reserved 1048576K
}
Event: 2.499 GC heap before
{Heap before GC invocations=6 (full 1):
 PSYoungGen      total 138240K, used 5089K [0x00000000d5c00000, 0x00000000e7400000, 0x0000000100000000)
  eden space 133120K, 0% used [0x00000000d5c00000,0x00000000d5c00000,0x00000000dde00000)
  from space 5120K, 99% used [0x00000000dde00000,0x00000000de2f8788,0x00000000de300000)
  to   space 10240K, 0% used [0x00000000e6a00000,0x00000000e6a00000,0x00000000e7400000)
 ParOldGen       total 87552K, used 7644K [0x0000000081400000, 0x0000000086980000, 0x00000000d5c00000)
  object space 87552K, 8% used [0x0000000081400000,0x0000000081b77280,0x0000000086980000)
 Metaspace       used 20970K, capacity 21134K, committed 21296K, reserved 1069056K
  class space    used 2541K, capacity 2589K, committed 2608K, reserved 1048576K
Event: 2.528 GC heap after
Heap after GC invocations=6 (full 1):
 PSYoungGen      total 138240K, used 0K [0x00000000d5c00000, 0x00000000e7400000, 0x0000000100000000)
  eden space 133120K, 0% used [0x00000000d5c00000,0x00000000d5c00000,0x00000000dde00000)
  from space 5120K, 0% used [0x00000000dde00000,0x00000000dde00000,0x00000000de300000)
  to   space 10240K, 0% used [0x00000000e6a00000,0x00000000e6a00000,0x00000000e7400000)
 ParOldGen       total 55296K, used 6866K [0x0000000081400000, 0x0000000084a00000, 0x00000000d5c00000)
  object space 55296K, 12% used [0x0000000081400000,0x0000000081ab4978,0x0000000084a00000)
 Metaspace       used 20970K, capacity 21134K, committed 21296K, reserved 1069056K
  class space    used 2541K, capacity 2589K, committed 2608K, reserved 1048576K
}
Event: 29.399 GC heap before
{Heap before GC invocations=7 (full 1):
 PSYoungGen      total 138240K, used 133120K [0x00000000d5c00000, 0x00000000e7400000, 0x0000000100000000)
  eden space 133120K, 100% used [0x00000000d5c00000,0x00000000dde00000,0x00000000dde00000)
  from space 5120K, 0% used [0x00000000dde00000,0x00000000dde00000,0x00000000de300000)
  to   space 10240K, 0% used [0x00000000e6a00000,0x00000000e6a00000,0x00000000e7400000)
 ParOldGen       total 55296K, used 6866K [0x0000000081400000, 0x0000000084a00000, 0x00000000d5c00000)
  object space 55296K, 12% used [0x0000000081400000,0x0000000081ab4978,0x0000000084a00000)
 Metaspace       used 29618K, capacity 29934K, committed 30384K, reserved 1075200K
  class space    used 3620K, capacity 3705K, committed 3760K, reserved 1048576K
Event: 29.439 GC heap after
Heap after GC invocations=7 (full 1):
 PSYoungGen      total 228352K, used 10230K [0x00000000d5c00000, 0x00000000e7400000, 0x0000000100000000)
  eden space 218112K, 0% used [0x00000000d5c00000,0x00000000d5c00000,0x00000000e3100000)
  from space 10240K, 99% used [0x00000000e6a00000,0x00000000e73fd8e0,0x00000000e7400000)
  to   space 14848K, 0% used [0x00000000e5700000,0x00000000e5700000,0x00000000e6580000)
 ParOldGen       total 55296K, used 12025K [0x0000000081400000, 0x0000000084a00000, 0x00000000d5c00000)
  object space 55296K, 21% used [0x0000000081400000,0x0000000081fbe500,0x0000000084a00000)
 Metaspace       used 29618K, capacity 29934K, committed 30384K, reserved 1075200K
  class space    used 3620K, capacity 3705K, committed 3760K, reserved 1048576K
}
Event: 29.949 GC heap before
{Heap before GC invocations=8 (full 1):
 PSYoungGen      total 228352K, used 51855K [0x00000000d5c00000, 0x00000000e7400000, 0x0000000100000000)
  eden space 218112K, 19% used [0x00000000d5c00000,0x00000000d84a66a8,0x00000000e3100000)
  from space 10240K, 99% used [0x00000000e6a00000,0x00000000e73fd8e0,0x00000000e7400000)
  to   space 14848K, 0% used [0x00000000e5700000,0x00000000e5700000,0x00000000e6580000)
 ParOldGen       total 55296K, used 12025K [0x0000000081400000, 0x0000000084a00000, 0x00000000d5c00000)
  object space 55296K, 21% used [0x0000000081400000,0x0000000081fbe500,0x0000000084a00000)
 Metaspace       used 34959K, capacity 35226K, committed 35496K, reserved 1081344K
  class space    used 4390K, capacity 4507K, committed 4528K, reserved 1048576K
Event: 29.962 GC heap after
Heap after GC invocations=8 (full 1):
 PSYoungGen      total 271872K, used 14823K [0x00000000d5c00000, 0x00000000edd80000, 0x0000000100000000)
  eden space 257024K, 0% used [0x00000000d5c00000,0x00000000d5c00000,0x00000000e5700000)
  from space 14848K, 99% used [0x00000000e5700000,0x00000000e6579db8,0x00000000e6580000)
  to   space 17408K, 0% used [0x00000000ecc80000,0x00000000ecc80000,0x00000000edd80000)
 ParOldGen       total 55296K, used 12648K [0x0000000081400000, 0x0000000084a00000, 0x00000000d5c00000)
  object space 55296K, 22% used [0x0000000081400000,0x000000008205a378,0x0000000084a00000)
 Metaspace       used 34959K, capacity 35226K, committed 35496K, reserved 1081344K
  class space    used 4390K, capacity 4507K, committed 4528K, reserved 1048576K
}
Event: 29.962 GC heap before
{Heap before GC invocations=9 (full 2):
 PSYoungGen      total 271872K, used 14823K [0x00000000d5c00000, 0x00000000edd80000, 0x0000000100000000)
  eden space 257024K, 0% used [0x00000000d5c00000,0x00000000d5c00000,0x00000000e5700000)
  from space 14848K, 99% used [0x00000000e5700000,0x00000000e6579db8,0x00000000e6580000)
  to   space 17408K, 0% used [0x00000000ecc80000,0x00000000ecc80000,0x00000000edd80000)
 ParOldGen       total 55296K, used 12648K [0x0000000081400000, 0x0000000084a00000, 0x00000000d5c00000)
  object space 55296K, 22% used [0x0000000081400000,0x000000008205a378,0x0000000084a00000)
 Metaspace       used 34959K, capacity 35226K, committed 35496K, reserved 1081344K
  class space    used 4390K, capacity 4507K, committed 4528K, reserved 1048576K
Event: 30.002 GC heap after
Heap after GC invocations=9 (full 2):
 PSYoungGen      total 271872K, used 0K [0x00000000d5c00000, 0x00000000edd80000, 0x0000000100000000)
  eden space 257024K, 0% used [0x00000000d5c00000,0x00000000d5c00000,0x00000000e5700000)
  from space 14848K, 0% used [0x00000000e5700000,0x00000000e5700000,0x00000000e6580000)
  to   space 17408K, 0% used [0x00000000ecc80000,0x00000000ecc80000,0x00000000edd80000)
 ParOldGen       total 81920K, used 21704K [0x0000000081400000, 0x0000000086400000, 0x00000000d5c00000)
  object space 81920K, 26% used [0x0000000081400000,0x0000000082932308,0x0000000086400000)
 Metaspace       used 34959K, capacity 35226K, committed 35496K, reserved 1081344K
  class space    used 4390K, capacity 4507K, committed 4528K, reserved 1048576K
}

