# JRE version: Java(TM) SE Runtime Environment (8.0_60-b27) (build 1.8.0_60-b27)
# Java VM: Java HotSpot(TM) 64-Bit Server VM (25.60-b23 mixed mode windows-amd64 compressed oops)
Heap:
 PSYoungGen      total 350208K, used 182382K [0x000000076b180000, 0x0000000788a00000, 0x00000007c0000000)
  eden space 330752K, 55% used [0x000000076b180000,0x000000077639b960,0x000000077f480000)
  from space 19456K, 0% used [0x000000077f480000,0x000000077f480000,0x0000000780780000)
  to   space 25600K, 0% used [0x0000000787100000,0x0000000787100000,0x0000000788a00000)
 ParOldGen       total 193536K, used 44756K [0x00000006c1400000, 0x00000006cd100000, 0x000000076b180000)
  object space 193536K, 23% used [0x00000006c1400000,0x00000006c3fb5140,0x00000006cd100000)
 Metaspace       used 64104K, capacity 64786K, committed 65064K, reserved 1105920K
  class space    used 7982K, capacity 8167K, committed 8232K, reserved 1048576K
GC Heap History (10 events):
Event: 5.053 GC heap before
{Heap before GC invocations=8 (full 1):
 PSYoungGen      total 211968K, used 83942K [0x000000076b180000, 0x0000000779c00000, 0x00000007c0000000)
  eden space 198656K, 36% used [0x000000076b180000,0x000000076f7661c8,0x0000000777380000)
  from space 13312K, 92% used [0x0000000778200000,0x0000000778e13898,0x0000000778f00000)
  to   space 14848K, 0% used [0x0000000777380000,0x0000000777380000,0x0000000778200000)
 ParOldGen       total 90624K, used 8666K [0x00000006c1400000, 0x00000006c6c80000, 0x000000076b180000)
  object space 90624K, 9% used [0x00000006c1400000,0x00000006c1c76a10,0x00000006c6c80000)
 Metaspace       used 35061K, capacity 35380K, committed 35496K, reserved 1081344K
  class space    used 4340K, capacity 4488K, committed 4520K, reserved 1048576K
Event: 5.082 GC heap after
Heap after GC invocations=8 (full 1):
 PSYoungGen      total 213504K, used 12150K [0x000000076b180000, 0x0000000781a80000, 0x00000007c0000000)
  eden space 198656K, 0% used [0x000000076b180000,0x000000076b180000,0x0000000777380000)
  from space 14848K, 81% used [0x0000000777380000,0x0000000777f5d890,0x0000000778200000)
  to   space 15872K, 0% used [0x0000000780b00000,0x0000000780b00000,0x0000000781a80000)
 ParOldGen       total 90624K, used 8674K [0x00000006c1400000, 0x00000006c6c80000, 0x000000076b180000)
  object space 90624K, 9% used [0x00000006c1400000,0x00000006c1c78a10,0x00000006c6c80000)
 Metaspace       used 35061K, capacity 35380K, committed 35496K, reserved 1081344K
  class space    used 4340K, capacity 4488K, committed 4520K, reserved 1048576K
}
Event: 5.082 GC heap before
{Heap before GC invocations=9 (full 2):
 PSYoungGen      total 213504K, used 12150K [0x000000076b180000, 0x0000000781a80000, 0x00000007c0000000)
  eden space 198656K, 0% used [0x000000076b180000,0x000000076b180000,0x0000000777380000)
  from space 14848K, 81% used [0x0000000777380000,0x0000000777f5d890,0x0000000778200000)
  to   space 15872K, 0% used [0x0000000780b00000,0x0000000780b00000,0x0000000781a80000)
 ParOldGen       total 90624K, used 8674K [0x00000006c1400000, 0x00000006c6c80000, 0x000000076b180000)
  object space 90624K, 9% used [0x00000006c1400000,0x00000006c1c78a10,0x00000006c6c80000)
 Metaspace       used 35061K, capacity 35380K, committed 35496K, reserved 1081344K
  class space    used 4340K, capacity 4488K, committed 4520K, reserved 1048576K
Event: 5.170 GC heap after
Heap after GC invocations=9 (full 2):
 PSYoungGen      total 213504K, used 0K [0x000000076b180000, 0x0000000781a80000, 0x00000007c0000000)
  eden space 198656K, 0% used [0x000000076b180000,0x000000076b180000,0x0000000777380000)
  from space 14848K, 0% used [0x0000000777380000,0x0000000777380000,0x0000000778200000)
  to   space 15872K, 0% used [0x0000000780b00000,0x0000000780b00000,0x0000000781a80000)
 ParOldGen       total 131584K, used 20255K [0x00000006c1400000, 0x00000006c9480000, 0x000000076b180000)
  object space 131584K, 15% used [0x00000006c1400000,0x00000006c27c7dc0,0x00000006c9480000)
 Metaspace       used 35061K, capacity 35380K, committed 35496K, reserved 1081344K
  class space    used 4340K, capacity 4488K, committed 4520K, reserved 1048576K
}
Event: 7.358 GC heap before
{Heap before GC invocations=10 (full 2):
 PSYoungGen      total 213504K, used 198656K [0x000000076b180000, 0x0000000781a80000, 0x00000007c0000000)
  eden space 198656K, 100% used [0x000000076b180000,0x0000000777380000,0x0000000777380000)
  from space 14848K, 0% used [0x0000000777380000,0x0000000777380000,0x0000000778200000)
  to   space 15872K, 0% used [0x0000000780b00000,0x0000000780b00000,0x0000000781a80000)
 ParOldGen       total 131584K, used 20255K [0x00000006c1400000, 0x00000006c9480000, 0x000000076b180000)
  object space 131584K, 15% used [0x00000006c1400000,0x00000006c27c7dc0,0x00000006c9480000)
 Metaspace       used 49443K, capacity 49836K, committed 50088K, reserved 1093632K
  class space    used 6146K, capacity 6300K, committed 6312K, reserved 1048576K
Event: 7.396 GC heap after
Heap after GC invocations=10 (full 2):
 PSYoungGen      total 334336K, used 15851K [0x000000076b180000, 0x0000000781a80000, 0x00000007c0000000)
  eden space 318464K, 0% used [0x000000076b180000,0x000000076b180000,0x000000077e880000)
  from space 15872K, 99% used [0x0000000780b00000,0x0000000781a7ad98,0x0000000781a80000)
  to   space 19456K, 0% used [0x000000077f480000,0x000000077f480000,0x0000000780780000)
 ParOldGen       total 131584K, used 24816K [0x00000006c1400000, 0x00000006c9480000, 0x000000076b180000)
  object space 131584K, 18% used [0x00000006c1400000,0x00000006c2c3c098,0x00000006c9480000)
 Metaspace       used 49443K, capacity 49836K, committed 50088K, reserved 1093632K
  class space    used 6146K, capacity 6300K, committed 6312K, reserved 1048576K
}
Event: 10.290 GC heap before
{Heap before GC invocations=11 (full 2):
 PSYoungGen      total 334336K, used 300459K [0x000000076b180000, 0x0000000781a80000, 0x00000007c0000000)
  eden space 318464K, 89% used [0x000000076b180000,0x000000077c770248,0x000000077e880000)
  from space 15872K, 99% used [0x0000000780b00000,0x0000000781a7ad98,0x0000000781a80000)
  to   space 19456K, 0% used [0x000000077f480000,0x000000077f480000,0x0000000780780000)
 ParOldGen       total 131584K, used 24816K [0x00000006c1400000, 0x00000006c9480000, 0x000000076b180000)
  object space 131584K, 18% used [0x00000006c1400000,0x00000006c2c3c098,0x00000006c9480000)
 Metaspace       used 58361K, capacity 58904K, committed 59160K, reserved 1101824K
  class space    used 7321K, capacity 7486K, committed 7592K, reserved 1048576K
Event: 10.371 GC heap after
Heap after GC invocations=11 (full 2):
 PSYoungGen      total 350208K, used 19432K [0x000000076b180000, 0x0000000788a00000, 0x00000007c0000000)
  eden space 330752K, 0% used [0x000000076b180000,0x000000076b180000,0x000000077f480000)
  from space 19456K, 99% used [0x000000077f480000,0x000000078077a0c0,0x0000000780780000)
  to   space 25600K, 0% used [0x0000000787100000,0x0000000787100000,0x0000000788a00000)
 ParOldGen       total 131584K, used 32911K [0x00000006c1400000, 0x00000006c9480000, 0x000000076b180000)
  object space 131584K, 25% used [0x00000006c1400000,0x00000006c3423f70,0x00000006c9480000)
 Metaspace       used 58361K, capacity 58904K, committed 59160K, reserved 1101824K
  class space    used 7321K, capacity 7486K, committed 7592K, reserved 1048576K
}
Event: 10.371 GC heap before
{Heap before GC invocations=12 (full 3):
 PSYoungGen      total 350208K, used 19432K [0x000000076b180000, 0x0000000788a00000, 0x00000007c0000000)
  eden space 330752K, 0% used [0x000000076b180000,0x000000076b180000,0x000000077f480000)
  from space 19456K, 99% used [0x000000077f480000,0x000000078077a0c0,0x0000000780780000)
  to   space 25600K, 0% used [0x0000000787100000,0x0000000787100000,0x0000000788a00000)
 ParOldGen       total 131584K, used 32911K [0x00000006c1400000, 0x00000006c9480000, 0x000000076b180000)
  object space 131584K, 25% used [0x00000006c1400000,0x00000006c3423f70,0x00000006c9480000)
 Metaspace       used 58361K, capacity 58904K, committed 59160K, reserved 1101824K
  class space    used 7321K, capacity 7486K, committed 7592K, reserved 1048576K
Event: 10.611 GC heap after
Heap after GC invocations=12 (full 3):
 PSYoungGen      total 350208K, used 0K [0x000000076b180000, 0x0000000788a00000, 0x00000007c0000000)
  eden space 330752K, 0% used [0x000000076b180000,0x000000076b180000,0x000000077f480000)
  from space 19456K, 0% used [0x000000077f480000,0x000000077f480000,0x0000000780780000)
  to   space 25600K, 0% used [0x0000000787100000,0x0000000787100000,0x0000000788a00000)
 ParOldGen       total 193536K, used 44756K [0x00000006c1400000, 0x00000006cd100000, 0x000000076b180000)
  object space 193536K, 23% used [0x00000006c1400000,0x00000006c3fb5140,0x00000006cd100000)
 Metaspace       used 58361K, capacity 58904K, committed 59160K, reserved 1101824K
  class space    used 7321K, capacity 7486K, committed 7592K, reserved 1048576K
}

